src/app/models/cloud/generators/helix1.ts(3,28): error TS2304: Cannot find name 'object'.
src/app/models/cloud/generators/helix2.ts(3,28): error TS2304: Cannot find name 'object'.
src/app/models/cloud/generators/helix3.ts(3,28): error TS2304: Cannot find name 'object'.
src/app/models/cloud/generators/sphere1.ts(3,29): error TS2304: Cannot find name 'object'.
src/app/models/cloud/generators/sphere2.ts(3,29): error TS2304: Cannot find name 'object'.
src/app/models/cloud/generators/sphere3.ts(3,29): error TS2304: Cannot find name 'object'.
src/app/models/cloud/generators/sphere4.ts(3,29): error TS2304: Cannot find name 'object'.
src/app/models/space/quad_fsh/fsh_default.glsl.ts(6,39): error TS2304: Cannot find name 'THREE'.
src/app/services/actors.ts(13,37): error TS2304: Cannot find name 'Narrative'.
src/app/services/actors.ts(16,15): error TS2503: Cannot find namespace 'THREE'.
src/app/services/actors.ts(51,20): error TS2304: Cannot find name 'e'.
src/app/services/actors.ts(61,9): error TS2304: Cannot find name 'System'.
src/app/services/animation.ts(10,15): error TS2304: Cannot find name 'Narrative'.
src/app/services/animation.ts(20,14): error TS2503: Cannot find namespace 'THREE'.
src/app/services/animation.ts(21,13): error TS2503: Cannot find namespace 'THREE'.
src/app/services/animation.ts(28,29): error TS2304: Cannot find name 'Quad'.
src/app/services/animation.ts(108,16): error TS2339: Property 'dur' does not exist on type 'Object'.
src/app/services/animation.ts(109,15): error TS2339: Property 'dur' does not exist on type 'Object'.
src/app/services/animation.ts(113,13): error TS2339: Property 'p' does not exist on type 'Object'.
src/app/services/animation.ts(116,13): error TS2339: Property 'p' does not exist on type 'Object'.
src/app/services/animation.ts(116,33): error TS2339: Property 'p' does not exist on type 'Object'.
src/app/services/animation.ts(117,13): error TS2339: Property 'p' does not exist on type 'Object'.
src/app/services/animation.ts(117,30): error TS2339: Property 'p' does not exist on type 'Object'.
src/app/services/animation.ts(118,13): error TS2339: Property 'p' does not exist on type 'Object'.
src/app/services/animation.ts(118,35): error TS2339: Property 'p' does not exist on type 'Object'.
src/app/services/animation.ts(119,13): error TS2339: Property 'p' does not exist on type 'Object'.
src/app/services/animation.ts(119,28): error TS2339: Property 'p' does not exist on type 'Object'.
src/app/services/animation.ts(120,13): error TS2339: Property 'p' does not exist on type 'Object'.
src/app/services/animation.ts(120,28): error TS2339: Property 'p' does not exist on type 'Object'.
src/app/services/animation.ts(120,41): error TS2304: Cannot find name 'Quad'.
src/app/services/animation.ts(122,13): error TS2339: Property 'p' does not exist on type 'Object'.
src/app/services/animation.ts(122,39): error TS2339: Property 'p' does not exist on type 'Object'.
src/app/services/animation.ts(123,13): error TS2339: Property 'p' does not exist on type 'Object'.
src/app/services/animation.ts(126,13): error TS2339: Property 'p' does not exist on type 'Object'.
src/app/services/animation.ts(126,31): error TS2339: Property 'p' does not exist on type 'Object'.
src/app/services/animation.ts(127,13): error TS2339: Property 'p' does not exist on type 'Object'.
src/app/services/animation.ts(127,37): error TS2339: Property 'p' does not exist on type 'Object'.
src/app/services/animation.ts(134,17): error TS2339: Property 'p' does not exist on type 'Object'.
src/app/services/animation.ts(143,17): error TS2339: Property 'p' does not exist on type 'Object'.
src/app/services/animation.ts(144,11): error TS2304: Cannot find name 'hud'.
src/app/services/animation.ts(149,15): error TS2339: Property 'p' does not exist on type 'Object'.
src/app/services/animation.ts(149,34): error TS2339: Property 'p' does not exist on type 'Object'.
src/app/services/animation.ts(151,13): error TS2339: Property 'p' does not exist on type 'Object'.
src/app/services/animation.ts(151,38): error TS2339: Property 'p' does not exist on type 'Object'.
src/app/services/animation.ts(154,13): error TS2339: Property 'p' does not exist on type 'Object'.
src/app/services/animation.ts(154,34): error TS2339: Property 'p' does not exist on type 'Object'.
src/app/services/animation.ts(155,13): error TS2339: Property 'p' does not exist on type 'Object'.
src/app/services/animation.ts(155,40): error TS2339: Property 'p' does not exist on type 'Object'.
src/app/services/animation.ts(156,13): error TS2339: Property 'p' does not exist on type 'Object'.
src/app/services/animation.ts(156,41): error TS2339: Property 'p' does not exist on type 'Object'.
src/app/services/animation.ts(157,13): error TS2339: Property 'p' does not exist on type 'Object'.
src/app/services/animation.ts(157,47): error TS2339: Property 'p' does not exist on type 'Object'.
src/app/services/animation.ts(160,23): error TS2304: Cannot find name 'TweenMax'.
src/app/services/animation.ts(160,49): error TS2339: Property 'dur' does not exist on type 'Object'.
src/app/services/animation.ts(160,60): error TS2339: Property 'p' does not exist on type 'Object'.
src/app/services/animation.ts(166,14): error TS2304: Cannot find name 'TimelineMax'.
src/app/services/animation.ts(179,25): error TS2304: Cannot find name 'Narrative'.
src/app/services/animation.ts(188,12): error TS2304: Cannot find name 'TimelineMax'.
src/app/services/audio_listener_delay.ts(11,14): error TS2304: Cannot find name 'AudioListenerDelay'.
src/app/services/audio_listener_delay.ts(17,2): error TS2304: Cannot find name 'THREE'.
src/app/services/audio_listener_delay.ts(19,17): error TS2304: Cannot find name 'THREE'.
src/app/services/audio_listener_delay.ts(35,62): error TS2304: Cannot find name 'THREE'.
src/app/services/audio_listener_delay.ts(81,22): error TS2304: Cannot find name 'THREE'.
src/app/services/audio_listener_delay.ts(82,24): error TS2304: Cannot find name 'THREE'.
src/app/services/audio_listener_delay.ts(83,19): error TS2304: Cannot find name 'THREE'.
src/app/services/audio_listener_delay.ts(85,25): error TS2304: Cannot find name 'THREE'.
src/app/services/camera3d.ts(12,13): error TS2503: Cannot find namespace 'THREE'.
src/app/services/camera3d.ts(13,9): error TS2314: Generic type 'Map<K, V>' requires 2 type argument(s).
src/app/services/camera3d.ts(14,10): error TS2503: Cannot find namespace 'THREE'.
src/app/services/camera3d.ts(15,15): error TS2304: Cannot find name 'Animation'.
src/app/services/camera3d.ts(28,19): error TS2304: Cannot find name 'THREE'.
src/app/services/camera3d.ts(29,19): error TS2304: Cannot find name 'THREE'.
src/app/services/camera3d.ts(38,20): error TS2304: Cannot find name 'config'.
src/app/services/camera3d.ts(42,20): error TS2503: Cannot find namespace 'THREE'.
src/app/services/camera3d.ts(42,54): error TS2503: Cannot find namespace 'THREE'.
src/app/services/camera3d.ts(42,77): error TS2304: Cannot find name 'Animation'.
src/app/services/camera3d.ts(42,86): error TS1009: Trailing comma not allowed.
src/app/services/camera3d.ts(48,5): error TS2304: Cannot find name 'System'.
src/app/services/camera3d.ts(48,19): error TS2304: Cannot find name 'config'.
src/app/services/camera3d.ts(51,44): error TS2304: Cannot find name 'config'.
src/app/services/camera3d.ts(592,39): error TS2304: Cannot find name 'THREE'.
src/app/services/camera3d.ts(600,20): error TS2304: Cannot find name 'THREE'.
src/app/services/camera3d.ts(617,39): error TS2304: Cannot find name 'THREE'.
src/app/services/camera3d.ts(656,39): error TS2304: Cannot find name 'THREE'.
src/app/services/camera3d.ts(662,5): error TS2304: Cannot find name 'examine_matrix'.
src/app/services/mediator.ts(5,21): error TS2307: Cannot find module 'socket.io-client'.
src/app/services/mediator.ts(26,8): error TS2304: Cannot find name 'config'.
src/app/services/mediator.ts(38,16): error TS2304: Cannot find name 'config'.
src/app/services/mediator.ts(39,16): error TS2304: Cannot find name 'config'.
src/app/services/mediator.ts(40,34): error TS2304: Cannot find name 'config'.
src/app/services/mediator.ts(42,24): error TS2304: Cannot find name 'config'.
src/app/services/mediator.ts(53,8): error TS2304: Cannot find name 'config'.
src/app/services/mediator.ts(69,8): error TS2304: Cannot find name 'config'.
src/app/services/mediator.ts(83,8): error TS2304: Cannot find name 'config'.
src/app/services/mediator.ts(95,8): error TS2304: Cannot find name 'config'.
src/app/services/transform3d.ts(43,17): error TS2304: Cannot find name 'THREE'.
src/app/services/transform3d.ts(51,19): error TS2304: Cannot find name 'THREE'.
src/app/services/transform3d.ts(52,17): error TS2304: Cannot find name 'THREE'.
src/app/services/transform3d.ts(56,23): error TS2304: Cannot find name 'THREE'.
src/app/services/transform3d.ts(57,17): error TS2304: Cannot find name 'THREE'.
src/app/services/transform3d.ts(61,17): error TS2304: Cannot find name 'THREE'.
src/app/services/transform3d.ts(65,17): error TS2304: Cannot find name 'THREE'.
src/app/services/vrspace.ts(3,10): error TS2503: Cannot find namespace 'THREE'.
src/app/services/vrspace.ts(13,18): error TS2503: Cannot find namespace 'THREE'.
src/app/services/vrspace.ts(14,18): error TS2503: Cannot find namespace 'THREE'.
src/app/services/vrspace.ts(15,23): error TS2503: Cannot find namespace 'THREE'.
src/app/services/vrspace.ts(16,22): error TS2503: Cannot find namespace 'THREE'.
src/app/services/vrspace.ts(27,26): error TS2304: Cannot find name 'THREE'.
src/app/services/vrspace.ts(28,30): error TS2304: Cannot find name 'THREE'.
src/app/services/vrspace.ts(31,29): error TS2304: Cannot find name 'THREE'.
src/app/services/vrspace.ts(33,28): error TS2304: Cannot find name 'THREE'.
src/app/services/vrspace.ts(40,23): error TS2304: Cannot find name 'THREE'.
src/app/services/vrspace.ts(42,33): error TS2304: Cannot find name 'THREE'.
src/app/services/vrspace.ts(43,33): error TS2304: Cannot find name 'THREE'.
src/app/services/vrspace.ts(44,33): error TS2304: Cannot find name 'THREE'.
src/app/services/vrspace.ts(45,38): error TS2304: Cannot find name 'THREE'.
src/app/services/vrspace.ts(47,26): error TS2304: Cannot find name 'THREE'.
src/app/services/vrspace.ts(56,13): error TS2304: Cannot find name 'mediator'.
src/app/services/vrspace.ts(65,16): error TS2503: Cannot find namespace 'THREE'.
src/app/services/vrspace.ts(66,16): error TS2503: Cannot find namespace 'THREE'.
src/app/services/vrspace.ts(70,24): error TS2304: Cannot find name 'THREE'.
src/app/services/vrspace.ts(71,24): error TS2304: Cannot find name 'THREE'.
src/app/services/vrspace.ts(76,19): error TS2304: Cannot find name 'THREE'.
src/app/services/vrspace.ts(78,29): error TS2304: Cannot find name 'THREE'.
src/app/services/vrspace.ts(79,29): error TS2304: Cannot find name 'THREE'.
src/app/services/vrspace.ts(80,29): error TS2304: Cannot find name 'THREE'.
src/app/services/vrspace.ts(81,34): error TS2304: Cannot find name 'THREE'.
src/app/services/vrspace.ts(83,22): error TS2304: Cannot find name 'THREE'.
src/app/services/vrspace.ts(89,11): error TS2304: Cannot find name 'mediator'.
src/app/services/vrspace.ts(97,17): error TS2503: Cannot find namespace 'THREE'.
src/app/services/vrspace.ts(97,35): error TS2304: Cannot find name 'THREE'.
src/app/services/vrspace.ts(99,18): error TS2503: Cannot find namespace 'THREE'.
src/app/services/vrspace.ts(114,20): error TS2503: Cannot find namespace 'THREE'.
src/app/services/vrspace.ts(114,50): error TS2304: Cannot find name 'THREE'.
src/app/services/vrspace.ts(119,19): error TS2304: Cannot find name 'THREE'.
src/app/services/vrspace.ts(125,20): error TS2503: Cannot find namespace 'THREE'.
src/app/services/vrspace.ts(126,18): error TS2503: Cannot find namespace 'THREE'.
src/app/services/vrspace.ts(129,18): error TS2503: Cannot find namespace 'THREE'.
src/app/services/vrspace.ts(130,16): error TS2503: Cannot find namespace 'THREE'.
src/app/services/vrspace.ts(133,18): error TS2503: Cannot find namespace 'THREE'.
src/app/services/vrspace.ts(134,16): error TS2503: Cannot find namespace 'THREE'.
src/app/services/vrspace.ts(137,19): error TS2503: Cannot find namespace 'THREE'.
src/app/services/vrspace.ts(138,17): error TS2503: Cannot find namespace 'THREE'.
src/app/services/vrspace.ts(141,19): error TS2503: Cannot find namespace 'THREE'.
src/app/services/vrspace.ts(142,17): error TS2503: Cannot find namespace 'THREE'.
src/app/services/vrspace.ts(145,17): error TS2503: Cannot find namespace 'THREE'.
src/app/services/vrspace.ts(146,15): error TS2503: Cannot find namespace 'THREE'.
src/app/services/vrspace.ts(179,22): error TS2304: Cannot find name 'THREE'.
src/app/services/vrspace.ts(180,20): error TS2304: Cannot find name 'THREE'.
src/app/services/vrspace.ts(181,20): error TS2304: Cannot find name 'THREE'.
src/app/services/vrspace.ts(182,21): error TS2304: Cannot find name 'THREE'.
src/app/services/vrspace.ts(183,21): error TS2304: Cannot find name 'THREE'.
src/app/services/vrspace.ts(184,19): error TS2304: Cannot find name 'THREE'.
src/app/services/vrspace.ts(193,20): error TS2304: Cannot find name 'THREE'.
src/app/services/vrspace.ts(198,18): error TS2304: Cannot find name 'THREE'.
src/app/services/vrspace.ts(203,18): error TS2304: Cannot find name 'THREE'.
src/app/services/vrspace.ts(208,19): error TS2304: Cannot find name 'THREE'.
src/app/services/vrspace.ts(213,19): error TS2304: Cannot find name 'THREE'.
src/app/services/vrspace.ts(218,17): error TS2304: Cannot find name 'THREE'.
src/app/services/vrspace.ts(229,18): error TS2503: Cannot find namespace 'THREE'.
src/app/services/vrspace.ts(230,18): error TS2503: Cannot find namespace 'THREE'.
src/app/services/vrspace.ts(231,16): error TS2503: Cannot find namespace 'THREE'.
src/app/services/vrspace.ts(234,22): error TS2304: Cannot find name 'THREE'.
src/app/services/vrspace.ts(235,32): error TS2304: Cannot find name 'THREE'.
src/app/services/vrspace.ts(236,22): error TS2304: Cannot find name 'THREE'.
src/app/services/vrspace.ts(241,17): error TS2304: Cannot find name 'THREE'.
src/app/services/vrspace.ts(243,27): error TS2304: Cannot find name 'THREE'.
src/app/services/vrspace.ts(244,27): error TS2304: Cannot find name 'THREE'.
src/app/services/vrspace.ts(245,27): error TS2304: Cannot find name 'THREE'.
src/app/services/vrspace.ts(246,32): error TS2304: Cannot find name 'THREE'.
src/app/services/vrspace.ts(248,20): error TS2304: Cannot find name 'THREE'.
src/app/services/vrspace.ts(254,9): error TS2304: Cannot find name 'mediator'.
src/app/state/audio.ts(8,12): error TS2503: Cannot find namespace 'THREE'.
src/app/state/audio.ts(9,11): error TS2503: Cannot find namespace 'THREE'.
src/app/state/audio.ts(10,12): error TS2503: Cannot find namespace 'THREE'.
src/app/state/audio.ts(46,18): error TS2304: Cannot find name 'THREE'.
src/app/state/audio.ts(50,33): error TS2304: Cannot find name 'Narrative'.
src/app/state/audio.ts(60,21): error TS2304: Cannot find name 'THREE'.
src/app/state/audio.ts(69,16): error TS2339: Property 'coneInnerAngle' does not exist on type 'Object'.
src/app/state/audio.ts(70,16): error TS2339: Property 'coneOuterAngle' does not exist on type 'Object'.
src/app/state/audio.ts(72,18): error TS2339: Property 'coneOuterGain' does not exist on type 'Object'.
src/app/state/audio.ts(74,18): error TS2339: Property 'coneOuterGain' does not exist on type 'Object'.
src/app/state/audio.ts(126,16): error TS2339: Property 'coneInnerAngle' does not exist on type 'Object'.
src/app/state/audio.ts(127,16): error TS2339: Property 'coneOuterAngle' does not exist on type 'Object'.
src/app/state/audio.ts(129,18): error TS2339: Property 'coneOuterGain' does not exist on type 'Object'.
src/app/state/audio.ts(131,18): error TS2339: Property 'coneOuterGain' does not exist on type 'Object'.
src/app/state/camera.ts(20,21): error TS2304: Cannot find name 'THREE'.
src/app/state/camera.ts(21,15): error TS2503: Cannot find namespace 'THREE'.
src/app/state/camera.ts(22,13): error TS2503: Cannot find namespace 'THREE'.
src/app/state/camera.ts(29,10): error TS2503: Cannot find namespace 'THREE'.
src/app/state/camera.ts(39,9): error TS2503: Cannot find namespace 'THREE'.
src/app/state/camera.ts(40,10): error TS2503: Cannot find namespace 'THREE'.
src/app/state/camera.ts(41,10): error TS2503: Cannot find namespace 'THREE'.
src/app/state/camera.ts(65,24): error TS2304: Cannot find name 'config'.
src/app/state/camera.ts(69,7): error TS2304: Cannot find name 'async'.
src/app/state/camera.ts(90,29): error TS2304: Cannot find name 'THREE'.
src/app/state/camera.ts(91,29): error TS2304: Cannot find name 'THREE'.
src/app/state/camera.ts(98,27): error TS2304: Cannot find name 'THREE'.
src/app/state/camera.ts(114,22): error TS2304: Cannot find name 'THREE'.
src/app/state/camera.ts(124,25): error TS2304: Cannot find name 'THREE'.
src/app/state/camera.ts(138,14): error TS2304: Cannot find name 'config'.
src/app/state/camera.ts(139,13): error TS2304: Cannot find name 'System'.
src/app/state/camera.ts(139,27): error TS2304: Cannot find name 'config'.
src/app/state/camera.ts(144,46): error TS2304: Cannot find name 'config'.
src/app/state/camera.ts(179,22): error TS2304: Cannot find name 'THREE'.
src/app/state/camera.ts(180,22): error TS2304: Cannot find name 'THREE'.
src/app/state/camera.ts(181,23): error TS2304: Cannot find name 'THREE'.
src/app/state/camera.ts(182,23): error TS2304: Cannot find name 'THREE'.
src/app/state/camera.ts(183,25): error TS2304: Cannot find name 'THREE'.
src/app/state/camera.ts(223,20): error TS2503: Cannot find namespace 'THREE'.
src/app/state/camera.ts(229,17): error TS2304: Cannot find name 'THREE'.
src/app/state/camera.ts(230,17): error TS2304: Cannot find name 'THREE'.
src/app/state/camera.ts(231,17): error TS2304: Cannot find name 'THREE'.
src/app/state/camera.ts(247,27): error TS2503: Cannot find namespace 'THREE'.
src/app/state/camera.ts(349,20): error TS2304: Cannot find name 'THREE'.
src/app/state/camera.ts(361,9): error TS2304: Cannot find name 'System'.
src/app/state/camera.ts(363,13): error TS2364: Invalid left-hand side of assignment expression.
src/app/state/camera.ts(364,13): error TS2364: Invalid left-hand side of assignment expression.
src/app/state/cloud.ts(25,13): error TS2503: Cannot find namespace 'THREE'.
src/app/state/cloud.ts(26,12): error TS2503: Cannot find namespace 'THREE'.
src/app/state/cloud.ts(30,11): error TS2503: Cannot find namespace 'THREE'.
src/app/state/cloud.ts(30,29): error TS2304: Cannot find name 'THREE'.
src/app/state/cloud.ts(88,43): error TS2503: Cannot find namespace 'THREE'.
src/app/state/cloud.ts(92,13): error TS2503: Cannot find namespace 'THREE'.
src/app/state/cloud.ts(93,13): error TS2503: Cannot find namespace 'THREE'.
src/app/state/cloud.ts(94,23): error TS2503: Cannot find namespace 'THREE'.
src/app/state/cloud.ts(94,49): error TS2304: Cannot find name 'THREE'.
src/app/state/cloud.ts(130,25): error TS2304: Cannot find name 'THREE'.
src/app/state/cloud.ts(132,27): error TS2304: Cannot find name 'THREE'.
src/app/state/cloud.ts(159,31): error TS2304: Cannot find name 'state_position'.
src/app/state/space.ts(23,32): error TS2503: Cannot find namespace 'THREE'.
src/app/state/space.ts(30,39): error TS2304: Cannot find name 'THREE'.
src/app/state/space.ts(48,11): error TS2304: Cannot find name 'System'.
src/app/state/space.ts(50,15): error TS2364: Invalid left-hand side of assignment expression.
src/app/state/space.ts(51,15): error TS2364: Invalid left-hand side of assignment expression.
src/app/state/space.ts(65,9): error TS2364: Invalid left-hand side of assignment expression.
src/app/state/space.ts(66,9): error TS2364: Invalid left-hand side of assignment expression.
src/app/state/space.ts(67,9): error TS2364: Invalid left-hand side of assignment expression.
src/app/state/stage.ts(11,10): error TS2503: Cannot find namespace 'THREE'.
src/app/state/stage.ts(12,19): error TS2503: Cannot find namespace 'THREE'.
src/app/state/stage.ts(15,9): error TS2503: Cannot find namespace 'THREE'.
src/app/state/stage.ts(19,10): error TS2503: Cannot find namespace 'THREE'.
src/app/state/stage.ts(22,22): error TS2304: Cannot find name 'THREE'.
src/app/state/stage.ts(23,10): error TS2503: Cannot find namespace 'THREE'.
src/app/state/stage.ts(26,25): error TS2304: Cannot find name 'THREE'.
src/app/state/stage.ts(35,31): error TS2304: Cannot find name 'THREE'.
src/app/state/stage.ts(44,51): error TS2304: Cannot find name 'THREE'.
src/app/state/stage.ts(58,37): error TS2304: Cannot find name 'THREE'.
src/app/state/stage.ts(76,18): error TS2503: Cannot find namespace 'THREE'.
src/app/state/stage.ts(77,18): error TS2503: Cannot find namespace 'THREE'.
src/app/state/stage.ts(78,23): error TS2503: Cannot find namespace 'THREE'.
src/app/state/stage.ts(89,26): error TS2304: Cannot find name 'THREE'.
src/app/state/stage.ts(94,29): error TS2304: Cannot find name 'THREE'.
src/app/state/stage.ts(96,28): error TS2304: Cannot find name 'THREE'.
src/app/state/stage.ts(102,23): error TS2304: Cannot find name 'THREE'.
src/app/state/stage.ts(107,33): error TS2304: Cannot find name 'THREE'.
src/app/state/stage.ts(108,33): error TS2304: Cannot find name 'THREE'.
src/app/state/stage.ts(110,33): error TS2304: Cannot find name 'THREE'.
src/app/state/stage.ts(111,38): error TS2304: Cannot find name 'THREE'.
src/app/state/stage.ts(113,26): error TS2304: Cannot find name 'THREE'.
src/app/state/stage.ts(140,18): error TS2503: Cannot find namespace 'THREE'.
src/app/state/stage.ts(141,18): error TS2503: Cannot find namespace 'THREE'.
src/app/state/stage.ts(152,26): error TS2304: Cannot find name 'THREE'.
src/app/state/stage.ts(153,36): error TS2304: Cannot find name 'THREE'.
src/app/state/stage.ts(156,28): error TS2304: Cannot find name 'THREE'.
src/app/state/stage.ts(161,29): error TS2304: Cannot find name 'THREE'.
src/app/state/stage.ts(165,33): error TS2304: Cannot find name 'THREE'.
src/app/state/stage.ts(167,33): error TS2304: Cannot find name 'THREE'.
src/app/state/stage.ts(170,26): error TS2304: Cannot find name 'THREE'.
src/app/state/stage.ts(204,36): error TS2304: Cannot find name 'Narrative'.
src/app/state/stage.ts(207,5): error TS2304: Cannot find name 'async'.
src/app/state/vrstage.ts(11,10): error TS2503: Cannot find namespace 'THREE'.
src/app/state/vrstage.ts(12,19): error TS2503: Cannot find namespace 'THREE'.
src/app/state/vrstage.ts(15,9): error TS2503: Cannot find namespace 'THREE'.
src/app/state/vrstage.ts(19,10): error TS2503: Cannot find namespace 'THREE'.
src/app/state/vrstage.ts(22,22): error TS2304: Cannot find name 'THREE'.
src/app/state/vrstage.ts(23,10): error TS2503: Cannot find namespace 'THREE'.
src/app/state/vrstage.ts(26,25): error TS2304: Cannot find name 'THREE'.
src/app/state/vrstage.ts(35,31): error TS2304: Cannot find name 'THREE'.
src/app/state/vrstage.ts(44,51): error TS2304: Cannot find name 'THREE'.
src/app/state/vrstage.ts(58,37): error TS2304: Cannot find name 'THREE'.
src/app/state/vrstage.ts(76,18): error TS2503: Cannot find namespace 'THREE'.
src/app/state/vrstage.ts(77,18): error TS2503: Cannot find namespace 'THREE'.
src/app/state/vrstage.ts(78,23): error TS2503: Cannot find namespace 'THREE'.
src/app/state/vrstage.ts(89,26): error TS2304: Cannot find name 'THREE'.
src/app/state/vrstage.ts(94,29): error TS2304: Cannot find name 'THREE'.
src/app/state/vrstage.ts(96,28): error TS2304: Cannot find name 'THREE'.
src/app/state/vrstage.ts(102,23): error TS2304: Cannot find name 'THREE'.
src/app/state/vrstage.ts(107,33): error TS2304: Cannot find name 'THREE'.
src/app/state/vrstage.ts(108,33): error TS2304: Cannot find name 'THREE'.
src/app/state/vrstage.ts(110,33): error TS2304: Cannot find name 'THREE'.
src/app/state/vrstage.ts(111,38): error TS2304: Cannot find name 'THREE'.
src/app/state/vrstage.ts(113,26): error TS2304: Cannot find name 'THREE'.
src/app/state/vrstage.ts(140,18): error TS2503: Cannot find namespace 'THREE'.
src/app/state/vrstage.ts(141,18): error TS2503: Cannot find namespace 'THREE'.
src/app/state/vrstage.ts(152,26): error TS2304: Cannot find name 'THREE'.
src/app/state/vrstage.ts(153,36): error TS2304: Cannot find name 'THREE'.
src/app/state/vrstage.ts(156,28): error TS2304: Cannot find name 'THREE'.
src/app/state/vrstage.ts(161,29): error TS2304: Cannot find name 'THREE'.
src/app/state/vrstage.ts(165,33): error TS2304: Cannot find name 'THREE'.
src/app/state/vrstage.ts(167,33): error TS2304: Cannot find name 'THREE'.
src/app/state/vrstage.ts(170,26): error TS2304: Cannot find name 'THREE'.
src/app/state/vrstage.ts(204,36): error TS2304: Cannot find name 'Narrative'.
src/app/state/vrstage.ts(207,5): error TS2304: Cannot find name 'async'.
src/app/models/camera/controls/controls-onehand.ts(46,20): error TS2304: Cannot find name 'THREE'.
src/app/models/camera/controls/controls-onehand.ts(47,20): error TS2304: Cannot find name 'THREE'.
src/app/models/camera/controls/controls-onehand.ts(48,20): error TS2304: Cannot find name 'THREE'.
src/app/models/camera/controls/controls-onehand.ts(53,12): error TS2503: Cannot find namespace 'THREE'.
src/app/models/camera/controls/controls-onehand.ts(68,18): error TS2304: Cannot find name 'THREE'.
src/app/models/camera/controls/controls-onehand.ts(69,22): error TS2304: Cannot find name 'THREE'.
src/app/models/camera/controls/controls-onehand.ts(70,28): error TS2304: Cannot find name 'THREE'.
src/app/models/camera/controls/controls-onehand.ts(71,31): error TS2304: Cannot find name 'THREE'.
src/app/models/camera/controls/controls-onehand.ts(72,25): error TS2304: Cannot find name 'THREE'.
src/app/models/camera/controls/controls-onehand.ts(87,14): error TS2503: Cannot find namespace 'Leap'.
src/app/models/camera/controls/controls-onehand.ts(91,31): error TS2304: Cannot find name 'Leap'.
src/app/models/camera/controls/controls-twohands.ts(58,20): error TS2304: Cannot find name 'THREE'.
src/app/models/camera/controls/controls-twohands.ts(59,20): error TS2304: Cannot find name 'THREE'.
src/app/models/camera/controls/controls-twohands.ts(60,20): error TS2304: Cannot find name 'THREE'.
src/app/models/camera/controls/controls-twohands.ts(65,12): error TS2503: Cannot find namespace 'THREE'.
src/app/models/camera/controls/controls-twohands.ts(80,18): error TS2304: Cannot find name 'THREE'.
src/app/models/camera/controls/controls-twohands.ts(81,22): error TS2304: Cannot find name 'THREE'.
src/app/models/camera/controls/controls-twohands.ts(82,28): error TS2304: Cannot find name 'THREE'.
src/app/models/camera/controls/controls-twohands.ts(83,31): error TS2304: Cannot find name 'THREE'.
src/app/models/camera/controls/controls-twohands.ts(84,25): error TS2304: Cannot find name 'THREE'.
src/app/models/camera/controls/controls-twohands.ts(99,14): error TS2503: Cannot find namespace 'Leap'.
src/app/models/camera/controls/controls-twohands.ts(103,31): error TS2304: Cannot find name 'Leap'.
src/app/models/camera/keymaps/dome2-alt-cut.ts(8,9): error TS2304: Cannot find name 'Camera3d'.
src/app/models/camera/keymaps/dome2-alt-cut.ts(9,13): error TS2503: Cannot find namespace 'THREE'.
src/app/models/camera/keymaps/dome2-alt-cut.ts(10,12): error TS2503: Cannot find namespace 'THREE'.
src/app/models/camera/keymaps/dome2-orig-alt-fly.ts(8,9): error TS2304: Cannot find name 'Camera3d'.
src/app/models/camera/keymaps/dome2-orig-alt-fly.ts(9,13): error TS2503: Cannot find namespace 'THREE'.
src/app/models/camera/keymaps/dome2-orig-alt-fly.ts(10,12): error TS2503: Cannot find namespace 'THREE'.
src/app/models/camera/keymaps/i3d.ts(8,9): error TS2304: Cannot find name 'Camera3d'.
src/app/models/camera/keymaps/i3d.ts(9,13): error TS2503: Cannot find namespace 'THREE'.
src/app/models/camera/keymaps/i3d.ts(10,12): error TS2503: Cannot find namespace 'THREE'.
src/app/models/camera/keymaps/vr.ts(8,9): error TS2304: Cannot find name 'Camera3d'.
src/app/models/camera/keymaps/vr.ts(9,13): error TS2503: Cannot find namespace 'THREE'.
src/app/models/camera/keymaps/vr.ts(10,12): error TS2503: Cannot find namespace 'THREE'.
src/app/models/space/quad_fsh/fsh_rm_cubes.glsl.ts(5,48): error TS2304: Cannot find name 'THREE'.
src/app/models/space/quad_fsh/fsh_rm_cubes.glsl.ts(8,49): error TS2304: Cannot find name 'THREE'.
src/app/models/space/quad_fsh/fsh_rm_cubes.glsl.ts(9,48): error TS2304: Cannot find name 'THREE'.
src/app/models/space/quad_fsh/fsh_rm_cubes.glsl.ts(10,51): error TS2304: Cannot find name 'THREE'.
src/app/models/space/quad_fsh/fsh_rm_cubes.glsl.ts(13,51): error TS2304: Cannot find name 'THREE'.
src/app/models/space/quad_fsh/fsh_rm_expt1.glsl.ts(5,48): error TS2304: Cannot find name 'THREE'.
src/app/models/space/quad_fsh/fsh_rm_expt1.glsl.ts(8,49): error TS2304: Cannot find name 'THREE'.
src/app/models/space/quad_fsh/fsh_rm_expt1.glsl.ts(9,48): error TS2304: Cannot find name 'THREE'.
src/app/models/space/quad_fsh/fsh_rm_expt1.glsl.ts(10,51): error TS2304: Cannot find name 'THREE'.
src/app/models/space/quad_fsh/fsh_rm_expt1.glsl.ts(13,51): error TS2304: Cannot find name 'THREE'.
src/app/models/space/quad_fsh/fsh_rm_expt2.glsl.ts(5,48): error TS2304: Cannot find name 'THREE'.
src/app/models/space/quad_fsh/fsh_rm_expt2.glsl.ts(8,49): error TS2304: Cannot find name 'THREE'.
src/app/models/space/quad_fsh/fsh_rm_expt2.glsl.ts(9,48): error TS2304: Cannot find name 'THREE'.
src/app/models/space/quad_fsh/fsh_rm_expt2.glsl.ts(10,51): error TS2304: Cannot find name 'THREE'.
src/app/models/space/quad_fsh/fsh_rm_expt2.glsl.ts(13,51): error TS2304: Cannot find name 'THREE'.
src/app/models/space/quad_fsh/fsh_rm_expt3.glsl.ts(5,48): error TS2304: Cannot find name 'THREE'.
src/app/models/space/quad_fsh/fsh_rm_expt3.glsl.ts(8,49): error TS2304: Cannot find name 'THREE'.
src/app/models/space/quad_fsh/fsh_rm_expt3.glsl.ts(9,48): error TS2304: Cannot find name 'THREE'.
src/app/models/space/quad_fsh/fsh_rm_expt3.glsl.ts(10,51): error TS2304: Cannot find name 'THREE'.
src/app/models/space/quad_fsh/fsh_rm_expt3.glsl.ts(13,51): error TS2304: Cannot find name 'THREE'.
src/app/models/space/quad_fsh/fsh_rm_expt_df1.glsl.ts(5,48): error TS2304: Cannot find name 'THREE'.
src/app/models/space/quad_fsh/fsh_rm_expt_df1.glsl.ts(8,49): error TS2304: Cannot find name 'THREE'.
src/app/models/space/quad_fsh/fsh_rm_expt_df1.glsl.ts(9,48): error TS2304: Cannot find name 'THREE'.
src/app/models/space/quad_fsh/fsh_rm_expt_df1.glsl.ts(10,51): error TS2304: Cannot find name 'THREE'.
src/app/models/space/quad_fsh/fsh_rm_expt_df1.glsl.ts(13,51): error TS2304: Cannot find name 'THREE'.
src/app/models/space/quad_fsh/fsh_rm_fogcubes.glsl.ts(5,48): error TS2304: Cannot find name 'THREE'.
src/app/models/space/quad_fsh/fsh_rm_fogcubes.glsl.ts(8,49): error TS2304: Cannot find name 'THREE'.
src/app/models/space/quad_fsh/fsh_rm_fogcubes.glsl.ts(9,48): error TS2304: Cannot find name 'THREE'.
src/app/models/space/quad_fsh/fsh_rm_fogcubes.glsl.ts(10,51): error TS2304: Cannot find name 'THREE'.
src/app/models/space/quad_fsh/fsh_rm_fogcubes.glsl.ts(13,51): error TS2304: Cannot find name 'THREE'.
src/app/models/space/quad_fsh/fsh_rm_full-infsmoothcubes.glsl.ts(5,48): error TS2304: Cannot find name 'THREE'.
src/app/models/space/quad_fsh/fsh_rm_full-infsmoothcubes.glsl.ts(8,49): error TS2304: Cannot find name 'THREE'.
src/app/models/space/quad_fsh/fsh_rm_full-infsmoothcubes.glsl.ts(9,48): error TS2304: Cannot find name 'THREE'.
src/app/models/space/quad_fsh/fsh_rm_full-infsmoothcubes.glsl.ts(10,51): error TS2304: Cannot find name 'THREE'.
src/app/models/space/quad_fsh/fsh_rm_full-infsmoothcubes.glsl.ts(13,51): error TS2304: Cannot find name 'THREE'.
src/app/models/space/quad_fsh/fsh_rm_infcubes.glsl.ts(5,48): error TS2304: Cannot find name 'THREE'.
src/app/models/space/quad_fsh/fsh_rm_infcubes.glsl.ts(8,49): error TS2304: Cannot find name 'THREE'.
src/app/models/space/quad_fsh/fsh_rm_infcubes.glsl.ts(9,48): error TS2304: Cannot find name 'THREE'.
src/app/models/space/quad_fsh/fsh_rm_infcubes.glsl.ts(10,51): error TS2304: Cannot find name 'THREE'.
src/app/models/space/quad_fsh/fsh_rm_infcubes.glsl.ts(13,51): error TS2304: Cannot find name 'THREE'.
src/app/models/space/quad_fsh/fsh_rm_infsmoothcubes.glsl.ts(5,48): error TS2304: Cannot find name 'THREE'.
src/app/models/space/quad_fsh/fsh_rm_infsmoothcubes.glsl.ts(8,49): error TS2304: Cannot find name 'THREE'.
src/app/models/space/quad_fsh/fsh_rm_infsmoothcubes.glsl.ts(9,48): error TS2304: Cannot find name 'THREE'.
src/app/models/space/quad_fsh/fsh_rm_infsmoothcubes.glsl.ts(10,51): error TS2304: Cannot find name 'THREE'.
src/app/models/space/quad_fsh/fsh_rm_infsmoothcubes.glsl.ts(13,51): error TS2304: Cannot find name 'THREE'.
src/app/models/space/quad_fsh/fsh_rm_inftori.glsl.ts(5,48): error TS2304: Cannot find name 'THREE'.
src/app/models/space/quad_fsh/fsh_rm_inftori.glsl.ts(8,49): error TS2304: Cannot find name 'THREE'.
src/app/models/space/quad_fsh/fsh_rm_inftori.glsl.ts(9,48): error TS2304: Cannot find name 'THREE'.
src/app/models/space/quad_fsh/fsh_rm_inftori.glsl.ts(10,51): error TS2304: Cannot find name 'THREE'.
src/app/models/space/quad_fsh/fsh_rm_inftori.glsl.ts(13,51): error TS2304: Cannot find name 'THREE'.
src/app/models/space/quad_fsh/fsh_rm_inftorimorph.glsl.ts(5,48): error TS2304: Cannot find name 'THREE'.
src/app/models/space/quad_fsh/fsh_rm_inftorimorph.glsl.ts(8,49): error TS2304: Cannot find name 'THREE'.
src/app/models/space/quad_fsh/fsh_rm_inftorimorph.glsl.ts(9,48): error TS2304: Cannot find name 'THREE'.
src/app/models/space/quad_fsh/fsh_rm_inftorimorph.glsl.ts(10,51): error TS2304: Cannot find name 'THREE'.
src/app/models/space/quad_fsh/fsh_rm_inftorimorph.glsl.ts(13,51): error TS2304: Cannot find name 'THREE'.
src/app/models/space/quad_fsh/fsh_rm_mengersponge-nav.glsl.ts(5,48): error TS2304: Cannot find name 'THREE'.
src/app/models/space/quad_fsh/fsh_rm_mengersponge-nav.glsl.ts(8,49): error TS2304: Cannot find name 'THREE'.
src/app/models/space/quad_fsh/fsh_rm_mengersponge-nav.glsl.ts(9,48): error TS2304: Cannot find name 'THREE'.
src/app/models/space/quad_fsh/fsh_rm_mengersponge-nav.glsl.ts(10,51): error TS2304: Cannot find name 'THREE'.
src/app/models/space/quad_fsh/fsh_rm_mengersponge-nav.glsl.ts(13,51): error TS2304: Cannot find name 'THREE'.
src/app/models/space/quad_fsh/fsh_rm_mengersponge.glsl.ts(5,48): error TS2304: Cannot find name 'THREE'.
src/app/models/space/quad_fsh/fsh_rm_mengersponge.glsl.ts(8,49): error TS2304: Cannot find name 'THREE'.
src/app/models/space/quad_fsh/fsh_rm_mengersponge.glsl.ts(9,48): error TS2304: Cannot find name 'THREE'.
src/app/models/space/quad_fsh/fsh_rm_mengersponge.glsl.ts(10,51): error TS2304: Cannot find name 'THREE'.
src/app/models/space/quad_fsh/fsh_rm_mengersponge.glsl.ts(13,51): error TS2304: Cannot find name 'THREE'.
src/app/models/space/quad_fsh/fsh_rm_template.glsl.ts(5,48): error TS2304: Cannot find name 'THREE'.
src/app/models/space/quad_fsh/fsh_rm_template.glsl.ts(8,49): error TS2304: Cannot find name 'THREE'.
src/app/models/space/quad_fsh/fsh_rm_template.glsl.ts(9,48): error TS2304: Cannot find name 'THREE'.
src/app/models/space/quad_fsh/fsh_rm_template.glsl.ts(10,51): error TS2304: Cannot find name 'THREE'.
src/app/models/space/quad_fsh/fsh_rm_template.glsl.ts(13,51): error TS2304: Cannot find name 'THREE'.
src/app/models/space/quad_fsh/fsh_texturemap.glsl.ts(5,39): error TS2304: Cannot find name 'THREE'.
src/app/models/stage/actors/pointcloud-lines.ts(16,30): error TS2304: Cannot find name 'object'.
src/app/models/stage/actors/pointcloud-lines.ts(30,21): error TS2304: Cannot find name 'THREE'.
src/app/models/stage/actors/pointcloud-lines.ts(31,22): error TS2304: Cannot find name 'THREE'.
src/app/models/stage/actors/pointcloud-lines.ts(31,43): error TS2304: Cannot find name 'THREE'.
src/app/models/stage/actors/pointcloud-lines.ts(31,59): error TS2304: Cannot find name 'THREE'.
src/app/models/stage/actors/pointcloud-lines.ts(48,34): error TS2304: Cannot find name 'THREE'.
src/app/models/stage/actors/pointcloud-lines.ts(56,27): error TS2304: Cannot find name 'THREE'.
src/app/models/stage/actors/pointcloud-lines.ts(59,19): error TS2304: Cannot find name 'THREE'.
src/app/models/stage/actors/pointcloud-lines.ts(64,23): error TS2304: Cannot find name 'THREE'.
src/app/models/stage/actors/pointcloud-lines.ts(78,25): error TS2304: Cannot find name 'THREE'.
src/app/models/stage/actors/pointcloud-lines.ts(84,47): error TS2304: Cannot find name 'THREE'.
src/app/models/stage/actors/pointcloud-lines.ts(87,24): error TS2304: Cannot find name 'THREE'.
src/app/models/stage/actors/pointcloud-lines.ts(90,26): error TS2304: Cannot find name 'THREE'.
src/app/models/stage/actors/pointcloud-lines.ts(91,46): error TS2304: Cannot find name 'THREE'.
src/app/models/stage/actors/pointcloud-lines.ts(92,43): error TS2304: Cannot find name 'THREE'.
src/app/models/stage/actors/pointcloud-lines.ts(97,26): error TS2304: Cannot find name 'THREE'.
src/app/models/stage/actors/pointcloud-lines.ts(98,23): error TS2304: Cannot find name 'THREE'.
src/app/models/stage/actors/pointcloud-lines.ts(99,19): error TS2304: Cannot find name 'THREE'.
src/app/models/stage/actors/pointcloud-lines.ts(103,23): error TS2304: Cannot find name 'THREE'.
src/app/models/stage/actors/pointcloud-sine-texture.ts(7,16): error TS2503: Cannot find namespace 'THREE'.
src/app/models/stage/actors/pointcloud-sine-texture.ts(8,14): error TS2503: Cannot find namespace 'THREE'.
src/app/models/stage/actors/pointcloud-sine-texture.ts(9,14): error TS2503: Cannot find namespace 'THREE'.
src/app/models/stage/actors/pointcloud-sine-texture.ts(27,22): error TS2304: Cannot find name 'THREE'.
src/app/models/stage/actors/pointcloud-sine-texture.ts(32,38): error TS2304: Cannot find name 'THREE'.
src/app/models/stage/actors/pointcloud-sine-texture.ts(36,22): error TS2304: Cannot find name 'THREE'.
src/app/models/stage/actors/pointcloud-sine-texture.ts(37,24): error TS2304: Cannot find name 'THREE'.
src/app/models/stage/actors/pointcloud-sine.ts(7,16): error TS2503: Cannot find namespace 'THREE'.
src/app/models/stage/actors/pointcloud-sine.ts(8,14): error TS2503: Cannot find namespace 'THREE'.
src/app/models/stage/actors/pointcloud-sine.ts(9,14): error TS2503: Cannot find namespace 'THREE'.
src/app/models/stage/actors/pointcloud-sine.ts(27,22): error TS2304: Cannot find name 'THREE'.
src/app/models/stage/actors/pointcloud-sine.ts(32,38): error TS2304: Cannot find name 'THREE'.
src/app/models/stage/actors/pointcloud-sine.ts(36,22): error TS2304: Cannot find name 'THREE'.
src/app/models/stage/actors/pointcloud-sine.ts(37,24): error TS2304: Cannot find name 'THREE'.
src/app/models/stage/actors/shadercube.ts(5,14): error TS2503: Cannot find namespace 'THREE'.
src/app/models/stage/actors/shadercube.ts(6,14): error TS2503: Cannot find namespace 'THREE'.
src/app/models/stage/actors/shadercube.ts(7,12): error TS2503: Cannot find namespace 'THREE'.
src/app/models/stage/actors/shadercube.ts(23,18): error TS2304: Cannot find name 'THREE'.
src/app/models/stage/actors/shadercube.ts(24,18): error TS2304: Cannot find name 'THREE'.
src/app/models/stage/actors/shadercube.ts(29,17): error TS2304: Cannot find name 'THREE'.
src/app/models/stage/actors/shadercube.ts(31,24): error TS2304: Cannot find name 'THREE'.
src/app/models/stage/actors/shadercube.ts(32,24): error TS2304: Cannot find name 'THREE'.
src/app/models/stage/actors/shadercube.ts(34,17): error TS2304: Cannot find name 'THREE'.
src/app/models/stage/actors/unitcube.ts(3,14): error TS2503: Cannot find namespace 'THREE'.
src/app/models/stage/actors/unitcube.ts(4,14): error TS2503: Cannot find namespace 'THREE'.
src/app/models/stage/actors/unitcube.ts(5,12): error TS2503: Cannot find namespace 'THREE'.
src/app/models/stage/actors/unitcube.ts(14,18): error TS2304: Cannot find name 'THREE'.
src/app/models/stage/actors/unitcube.ts(15,18): error TS2304: Cannot find name 'THREE'.
src/app/models/stage/actors/unitcube.ts(20,17): error TS2304: Cannot find name 'THREE'.
src/app/models/stage/actors/unitcube.ts(22,24): error TS2304: Cannot find name 'THREE'.
src/app/models/stage/actors/unitcube.ts(23,24): error TS2304: Cannot find name 'THREE'.
src/app/models/stage/actors/unitcube.ts(25,17): error TS2304: Cannot find name 'THREE'.
src/app/narrative.ts(37,17): error TS2304: Cannot find name 'THREE'.
src/app/narrative.ts(51,11): error TS2503: Cannot find namespace 'THREE'.
src/app/narrative.ts(52,14): error TS2503: Cannot find namespace 'THREE'.
src/app/narrative.ts(53,14): error TS2503: Cannot find namespace 'THREE'.
src/app/narrative.ts(59,13): error TS2503: Cannot find namespace 'THREE'.
src/app/narrative.ts(60,9): error TS2503: Cannot find namespace 'THREE'.
src/app/narrative.ts(61,10): error TS2503: Cannot find namespace 'THREE'.
src/app/narrative.ts(62,10): error TS2503: Cannot find namespace 'THREE'.
src/app/narrative.ts(64,10): error TS2503: Cannot find namespace 'THREE'.
src/app/narrative.ts(65,11): error TS2503: Cannot find namespace 'THREE'.
src/app/narrative.ts(66,11): error TS2503: Cannot find namespace 'THREE'.
src/app/narrative.ts(67,9): error TS2503: Cannot find namespace 'THREE'.
src/app/narrative.ts(72,12): error TS2503: Cannot find namespace 'THREE'.
src/app/narrative.ts(73,12): error TS2503: Cannot find namespace 'THREE'.
src/app/narrative.ts(74,10): error TS2503: Cannot find namespace 'THREE'.
src/app/narrative.ts(84,12): error TS2503: Cannot find namespace 'THREE'.
src/app/narrative.ts(85,14): error TS2503: Cannot find namespace 'THREE'.
src/app/narrative.ts(91,15): error TS2503: Cannot find namespace 'THREE'.
src/app/narrative.ts(92,17): error TS2503: Cannot find namespace 'THREE'.
src/app/narrative.ts(95,17): error TS2503: Cannot find namespace 'THREE'.
src/app/narrative.ts(98,10): error TS2503: Cannot find namespace 'THREE'.
src/app/narrative.ts(99,10): error TS2503: Cannot find namespace 'THREE'.
src/app/narrative.ts(100,10): error TS2503: Cannot find namespace 'THREE'.
src/app/narrative.ts(101,19): error TS2503: Cannot find namespace 'THREE'.
src/app/narrative.ts(102,9): error TS2503: Cannot find namespace 'THREE'.
src/app/narrative.ts(105,11): error TS2503: Cannot find namespace 'THREE'.
src/app/narrative.ts(112,14): error TS2503: Cannot find namespace 'THREE'.
src/app/narrative.ts(112,35): error TS2304: Cannot find name 'THREE'.
src/app/narrative.ts(113,14): error TS2503: Cannot find namespace 'THREE'.
src/app/narrative.ts(113,35): error TS2304: Cannot find name 'THREE'.
src/app/narrative.ts(114,13): error TS2503: Cannot find namespace 'THREE'.
src/app/narrative.ts(114,36): error TS2304: Cannot find name 'THREE'.
src/app/narrative.ts(115,14): error TS2503: Cannot find namespace 'THREE'.
src/app/narrative.ts(115,37): error TS2304: Cannot find name 'THREE'.
src/app/narrative.ts(116,12): error TS2503: Cannot find namespace 'THREE'.
src/app/narrative.ts(116,35): error TS2304: Cannot find name 'THREE'.
src/app/narrative.ts(117,12): error TS2503: Cannot find namespace 'THREE'.
src/app/narrative.ts(117,32): error TS2304: Cannot find name 'THREE'.
src/app/narrative.ts(120,15): error TS2503: Cannot find namespace 'THREE'.
src/app/narrative.ts(120,35): error TS2304: Cannot find name 'THREE'.
src/app/narrative.ts(121,15): error TS2503: Cannot find namespace 'THREE'.
src/app/narrative.ts(121,35): error TS2304: Cannot find name 'THREE'.
src/app/narrative.ts(128,25): error TS2503: Cannot find namespace 'THREE'.
src/app/narrative.ts(128,46): error TS2304: Cannot find name 'THREE'.
src/app/narrative.ts(136,14): error TS2503: Cannot find namespace 'THREE'.
src/app/narrative.ts(137,13): error TS2503: Cannot find namespace 'THREE'.
src/app/narrative.ts(140,13): error TS2503: Cannot find namespace 'THREE'.
src/app/narrative.ts(141,14): error TS2503: Cannot find namespace 'THREE'.
src/app/narrative.ts(142,13): error TS2503: Cannot find namespace 'THREE'.
src/app/narrative.ts(146,22): error TS2503: Cannot find namespace 'THREE'.
src/app/narrative.ts(147,22): error TS2503: Cannot find namespace 'THREE'.
src/app/narrative.ts(150,22): error TS2503: Cannot find namespace 'THREE'.
src/app/narrative.ts(151,13): error TS2503: Cannot find namespace 'THREE'.
src/app/narrative.ts(152,12): error TS2503: Cannot find namespace 'THREE'.
src/app/narrative.ts(159,11): error TS2304: Cannot find name 'Vector3'.
src/app/narrative.ts(159,25): error TS2304: Cannot find name 'THREE'.
src/app/narrative.ts(173,54): error TS2304: Cannot find name 'THREE'.
src/app/narrative.ts(488,8): error TS2503: Cannot find namespace 'THREE'.
src/app/narrative.ts(489,7): error TS2503: Cannot find namespace 'THREE'.
src/app/narrative.ts(506,14): error TS2304: Cannot find name 'config'.
src/app/narrative.ts(507,13): error TS2304: Cannot find name 'config'.
src/app/narrative.ts(509,33): error TS2304: Cannot find name 'WEBVR'.
src/app/narrative.ts(516,8): error TS2304: Cannot find name 'config'.
src/app/narrative.ts(517,7): error TS2304: Cannot find name 'System'.
src/app/narrative.ts(517,21): error TS2304: Cannot find name 'config'.
src/app/narrative.ts(535,30): error TS2304: Cannot find name 'config'.
src/app/narrative.ts(542,18): error TS2304: Cannot find name 'config'.
src/app/narrative.ts(543,13): error TS2304: Cannot find name 'config'.
src/app/narrative.ts(544,17): error TS2304: Cannot find name 'config'.
src/app/narrative.ts(550,17): error TS2304: Cannot find name 'THREE'.
src/app/narrative.ts(551,20): error TS2304: Cannot find name 'THREE'.
src/app/narrative.ts(552,20): error TS2304: Cannot find name 'THREE'.
src/app/narrative.ts(552,94): error TS2304: Cannot find name 'THREE'.
src/app/narrative.ts(552,124): error TS2304: Cannot find name 'THREE'.
src/app/narrative.ts(568,18): error TS2304: Cannot find name 'THREE'.
src/app/narrative.ts(569,18): error TS2304: Cannot find name 'THREE'.
src/app/narrative.ts(576,16): error TS2304: Cannot find name 'THREE'.
src/app/narrative.ts(581,18): error TS2304: Cannot find name 'config'.
src/app/narrative.ts(582,18): error TS2304: Cannot find name 'config'.
src/app/narrative.ts(583,17): error TS2304: Cannot find name 'THREE'.
src/app/narrative.ts(584,17): error TS2304: Cannot find name 'THREE'.
src/app/narrative.ts(590,16): error TS2304: Cannot find name 'config'.
src/app/narrative.ts(594,22): error TS2304: Cannot find name 'THREE'.
src/app/narrative.ts(595,22): error TS2304: Cannot find name 'THREE'.
src/app/narrative.ts(597,15): error TS2304: Cannot find name 'THREE'.
src/app/narrative.ts(599,17): error TS2304: Cannot find name 'config'.
src/app/narrative.ts(600,19): error TS2304: Cannot find name 'config'.
src/app/narrative.ts(611,22): error TS2304: Cannot find name 'THREE'.
src/app/narrative.ts(611,96): error TS2304: Cannot find name 'THREE'.
src/app/narrative.ts(611,126): error TS2304: Cannot find name 'THREE'.
src/app/narrative.ts(615,38): error TS2304: Cannot find name 'config'.
src/app/narrative.ts(616,20): error TS2304: Cannot find name 'THREE'.
src/app/narrative.ts(629,33): error TS2304: Cannot find name 'WEBVR'.
src/app/narrative.ts(633,22): error TS2304: Cannot find name 'THREE'.
src/app/narrative.ts(637,32): error TS2304: Cannot find name 'THREE'.
src/app/narrative.ts(640,32): error TS2304: Cannot find name 'THREE'.
src/app/narrative.ts(646,23): error TS2304: Cannot find name 'config'.
src/app/narrative.ts(647,24): error TS2304: Cannot find name 'config'.
src/app/narrative.ts(648,30): error TS2304: Cannot find name 'config'.
src/app/narrative.ts(649,24): error TS2304: Cannot find name 'config'.
src/app/narrative.ts(655,30): error TS2304: Cannot find name 'config'.
src/app/narrative.ts(655,51): error TS2304: Cannot find name 'config'.
src/app/narrative.ts(663,28): error TS2304: Cannot find name 'config'.
src/app/narrative.ts(671,44): error TS2304: Cannot find name 'config'.
src/app/narrative.ts(691,38): error TS2304: Cannot find name 'config'.
src/app/narrative.ts(755,54): error TS2304: Cannot find name 'THREE'.
src/app/narrative.ts(798,5): error TS2304: Cannot find name 'async'.
src/app/narrative.ts(890,13): error TS2346: Supplied parameters do not match any signature of call target.
src/app/narrative.ts(1023,35): error TS2304: Cannot find name 'THREE'.
src/app/narrative.ts(1137,9): error TS2304: Cannot find name 'TweenMax'.
src/app/narrative.ts(1278,16): error TS2304: Cannot find name 'config'.
src/app/state/vrcamera.ts(20,21): error TS2304: Cannot find name 'THREE'.
src/app/state/vrcamera.ts(21,15): error TS2503: Cannot find namespace 'THREE'.
src/app/state/vrcamera.ts(22,13): error TS2503: Cannot find namespace 'THREE'.
src/app/state/vrcamera.ts(29,10): error TS2503: Cannot find namespace 'THREE'.
src/app/state/vrcamera.ts(39,9): error TS2503: Cannot find namespace 'THREE'.
src/app/state/vrcamera.ts(40,10): error TS2503: Cannot find namespace 'THREE'.
src/app/state/vrcamera.ts(41,10): error TS2503: Cannot find namespace 'THREE'.
src/app/state/vrcamera.ts(65,24): error TS2304: Cannot find name 'config'.
src/app/state/vrcamera.ts(69,7): error TS2304: Cannot find name 'async'.
src/app/state/vrcamera.ts(90,29): error TS2304: Cannot find name 'THREE'.
src/app/state/vrcamera.ts(91,29): error TS2304: Cannot find name 'THREE'.
src/app/state/vrcamera.ts(98,27): error TS2304: Cannot find name 'THREE'.
src/app/state/vrcamera.ts(114,22): error TS2304: Cannot find name 'THREE'.
src/app/state/vrcamera.ts(124,25): error TS2304: Cannot find name 'THREE'.
src/app/state/vrcamera.ts(138,14): error TS2304: Cannot find name 'config'.
src/app/state/vrcamera.ts(139,13): error TS2304: Cannot find name 'System'.
src/app/state/vrcamera.ts(139,27): error TS2304: Cannot find name 'config'.
src/app/state/vrcamera.ts(144,46): error TS2304: Cannot find name 'config'.
src/app/state/vrcamera.ts(179,22): error TS2304: Cannot find name 'THREE'.
src/app/state/vrcamera.ts(180,22): error TS2304: Cannot find name 'THREE'.
src/app/state/vrcamera.ts(181,23): error TS2304: Cannot find name 'THREE'.
src/app/state/vrcamera.ts(182,23): error TS2304: Cannot find name 'THREE'.
src/app/state/vrcamera.ts(183,25): error TS2304: Cannot find name 'THREE'.
src/app/state/vrcamera.ts(223,20): error TS2503: Cannot find namespace 'THREE'.
src/app/state/vrcamera.ts(229,17): error TS2304: Cannot find name 'THREE'.
src/app/state/vrcamera.ts(230,17): error TS2304: Cannot find name 'THREE'.
src/app/state/vrcamera.ts(231,17): error TS2304: Cannot find name 'THREE'.
src/app/state/vrcamera.ts(247,27): error TS2503: Cannot find namespace 'THREE'.
src/app/state/vrcamera.ts(349,20): error TS2304: Cannot find name 'THREE'.
src/app/state/vrcamera.ts(361,9): error TS2304: Cannot find name 'System'.
src/app/state/vrcamera.ts(363,13): error TS2364: Invalid left-hand side of assignment expression.
src/app/state/vrcamera.ts(364,13): error TS2364: Invalid left-hand side of assignment expression.
src/app/state/vrcloud.ts(25,13): error TS2503: Cannot find namespace 'THREE'.
src/app/state/vrcloud.ts(26,12): error TS2503: Cannot find namespace 'THREE'.
src/app/state/vrcloud.ts(30,11): error TS2503: Cannot find namespace 'THREE'.
src/app/state/vrcloud.ts(30,29): error TS2304: Cannot find name 'THREE'.
src/app/state/vrcloud.ts(88,43): error TS2503: Cannot find namespace 'THREE'.
src/app/state/vrcloud.ts(92,13): error TS2503: Cannot find namespace 'THREE'.
src/app/state/vrcloud.ts(93,13): error TS2503: Cannot find namespace 'THREE'.
src/app/state/vrcloud.ts(94,23): error TS2503: Cannot find namespace 'THREE'.
src/app/state/vrcloud.ts(94,49): error TS2304: Cannot find name 'THREE'.
src/app/state/vrcloud.ts(130,25): error TS2304: Cannot find name 'THREE'.
src/app/state/vrcloud.ts(132,27): error TS2304: Cannot find name 'THREE'.
src/app/state/vrcloud.ts(159,31): error TS2304: Cannot find name 'state_position'.
